<?xml version="1.0" encoding="UTF-8"?>
<!-- Generated by org.testng.reporters.JUnitReportReporter -->
<testsuite hostname="Lenovo-PC" failures="0" tests="1" name="com.hrms.qa.testcases.CapScreenShot" time="23.111" errors="0" timestamp="2020-02-26T14:20:00 IST" skipped="0">
  <testcase classname="com.hrms.qa.testcases.CapScreenShot" name="screenshot" time="23.111"/>
</testsuite> <!-- com.hrms.qa.testcases.CapScreenShot -->
