<?xml version="1.0" encoding="UTF-8"?>
<!-- Generated by org.testng.reporters.JUnitReportReporter -->
<testsuite hostname="Lenovo-PC" failures="0" tests="3" name="com.hrms.qa.testcases.LoginPageTest" time="43.693" errors="0" timestamp="2020-02-28T11:38:08 IST" skipped="0">
  <testcase classname="com.hrms.qa.testcases.LoginPageTest" name="LoginPageTitleTest" time="12.166"/>
  <testcase classname="com.hrms.qa.testcases.LoginPageTest" name="logoimagetest" time="19.149"/>
  <testcase classname="com.hrms.qa.testcases.LoginPageTest" name="loginTest" time="12.378"/>
</testsuite> <!-- com.hrms.qa.testcases.LoginPageTest -->
