<?xml version="1.0" encoding="UTF-8"?>
<!-- Generated by org.testng.reporters.JUnitReportReporter -->
<testsuite hostname="Lenovo-PC" failures="0" tests="3" name="com.hrms.qa.testcases.HomePageTest" time="27.219" errors="0" timestamp="2020-02-28T11:38:08 IST" skipped="0">
  <testcase classname="com.hrms.qa.testcases.HomePageTest" name="HomePageTitleTest" time="7.622"/>
  <testcase classname="com.hrms.qa.testcases.HomePageTest" name="VerifyWelcomeNote" time="10.043"/>
  <testcase classname="com.hrms.qa.testcases.HomePageTest" name="VerifyReportlink" time="9.554"/>
</testsuite> <!-- com.hrms.qa.testcases.HomePageTest -->
